2014/10/04 16:44:28 [error] [exception.CHttpException.404] exception 'CHttpException' with message 'Unable to resolve the request "index".' in /opt/www/myblog/framework/web/CWebApplication.php:286
Stack trace:
#0 /opt/www/myblog/framework/web/CWebApplication.php(141): CWebApplication->runController('')
#1 /opt/www/myblog/framework/base/CApplication.php(184): CWebApplication->processRequest()
#2 /opt/www/myblog/app/index.php(13): CApplication->run()
#3 {main}
REQUEST_URI=/
---
2014/10/04 16:47:52 [error] [exception.CHttpException.403] exception 'CHttpException' with message 'You are not allowed to access this page.' in /opt/www/myblog/framework/gii/GiiModule.php:170
Stack trace:
#0 /opt/www/myblog/framework/web/CController.php(263): GiiModule->beforeControllerAction(Object(DefaultController), Object(CInlineAction))
#1 /opt/www/myblog/framework/web/CWebApplication.php(282): CController->run('')
#2 /opt/www/myblog/framework/web/CWebApplication.php(141): CWebApplication->runController('gii')
#3 /opt/www/myblog/framework/base/CApplication.php(184): CWebApplication->processRequest()
#4 /opt/www/myblog/app/index.php(13): CApplication->run()
#5 {main}
REQUEST_URI=/gii
---
2014/10/04 16:48:33 [error] [exception.CHttpException.403] exception 'CHttpException' with message 'You are not allowed to access this page.' in /opt/www/myblog/framework/gii/GiiModule.php:170
Stack trace:
#0 /opt/www/myblog/framework/web/CController.php(263): GiiModule->beforeControllerAction(Object(DefaultController), Object(CInlineAction))
#1 /opt/www/myblog/framework/web/CWebApplication.php(282): CController->run('')
#2 /opt/www/myblog/framework/web/CWebApplication.php(141): CWebApplication->runController('gii')
#3 /opt/www/myblog/framework/base/CApplication.php(184): CWebApplication->processRequest()
#4 /opt/www/myblog/app/index.php(13): CApplication->run()
#5 {main}
REQUEST_URI=/index.php?r=gii
---
2014/10/04 16:51:18 [error] [exception.CHttpException.403] exception 'CHttpException' with message 'You are not allowed to access this page.' in /opt/www/myblog/framework/gii/GiiModule.php:170
Stack trace:
#0 /opt/www/myblog/framework/web/CController.php(263): GiiModule->beforeControllerAction(Object(DefaultController), Object(CInlineAction))
#1 /opt/www/myblog/framework/web/CWebApplication.php(282): CController->run('')
#2 /opt/www/myblog/framework/web/CWebApplication.php(141): CWebApplication->runController('gii')
#3 /opt/www/myblog/framework/base/CApplication.php(184): CWebApplication->processRequest()
#4 /opt/www/myblog/app/index.php(13): CApplication->run()
#5 {main}
REQUEST_URI=/gii
---
2014/10/04 16:51:42 [error] [exception.CHttpException.403] exception 'CHttpException' with message 'You are not allowed to access this page.' in /opt/www/myblog/framework/gii/GiiModule.php:170
Stack trace:
#0 /opt/www/myblog/framework/web/CController.php(263): GiiModule->beforeControllerAction(Object(DefaultController), Object(CInlineAction))
#1 /opt/www/myblog/framework/web/CWebApplication.php(282): CController->run('')
#2 /opt/www/myblog/framework/web/CWebApplication.php(141): CWebApplication->runController('gii')
#3 /opt/www/myblog/framework/base/CApplication.php(184): CWebApplication->processRequest()
#4 /opt/www/myblog/app/index.php(13): CApplication->run()
#5 {main}
REQUEST_URI=/index.php/gii
---
2014/10/04 16:52:34 [error] [exception.CHttpException.404] exception 'CHttpException' with message 'Unable to resolve the request "gii/index".' in /opt/www/myblog/framework/web/CWebApplication.php:286
Stack trace:
#0 /opt/www/myblog/framework/web/CWebApplication.php(141): CWebApplication->runController('gii/index')
#1 /opt/www/myblog/framework/base/CApplication.php(184): CWebApplication->processRequest()
#2 /opt/www/myblog/app/index.php(13): CApplication->run()
#3 {main}
REQUEST_URI=/index.php/gii/index
---
2014/10/04 16:53:01 [error] [exception.CHttpException.404] exception 'CHttpException' with message 'Unable to resolve the request "gii/index".' in /opt/www/myblog/framework/web/CWebApplication.php:286
Stack trace:
#0 /opt/www/myblog/framework/web/CWebApplication.php(141): CWebApplication->runController('gii/index')
#1 /opt/www/myblog/framework/base/CApplication.php(184): CWebApplication->processRequest()
#2 /opt/www/myblog/app/index.php(13): CApplication->run()
#3 {main}
REQUEST_URI=/index.php/gii/index
---
2014/10/04 16:53:18 [error] [exception.CHttpException.404] exception 'CHttpException' with message 'Unable to resolve the request "gii/index".' in /opt/www/myblog/framework/web/CWebApplication.php:286
Stack trace:
#0 /opt/www/myblog/framework/web/CWebApplication.php(141): CWebApplication->runController('gii/index')
#1 /opt/www/myblog/framework/base/CApplication.php(184): CWebApplication->processRequest()
#2 /opt/www/myblog/app/index.php(13): CApplication->run()
#3 {main}
REQUEST_URI=/index.php/gii/index
---
2014/10/04 16:54:53 [error] [exception.CHttpException.404] exception 'CHttpException' with message 'Unable to resolve the request "gii/index".' in /opt/www/myblog/framework/web/CWebApplication.php:286
Stack trace:
#0 /opt/www/myblog/framework/web/CWebApplication.php(141): CWebApplication->runController('gii/index')
#1 /opt/www/myblog/framework/base/CApplication.php(184): CWebApplication->processRequest()
#2 /opt/www/myblog/app/index.php(13): CApplication->run()
#3 {main}
REQUEST_URI=/index.php/gii/index
---
2014/10/04 16:54:55 [error] [exception.CHttpException.404] exception 'CHttpException' with message 'Unable to resolve the request "gii/index".' in /opt/www/myblog/framework/web/CWebApplication.php:286
Stack trace:
#0 /opt/www/myblog/framework/web/CWebApplication.php(141): CWebApplication->runController('gii/index')
#1 /opt/www/myblog/framework/base/CApplication.php(184): CWebApplication->processRequest()
#2 /opt/www/myblog/app/index.php(13): CApplication->run()
#3 {main}
REQUEST_URI=/index.php/gii/index
---
2014/10/04 16:55:02 [error] [exception.CHttpException.403] exception 'CHttpException' with message 'You are not allowed to access this page.' in /opt/www/myblog/framework/gii/GiiModule.php:170
Stack trace:
#0 /opt/www/myblog/framework/web/CController.php(263): GiiModule->beforeControllerAction(Object(DefaultController), Object(CInlineAction))
#1 /opt/www/myblog/framework/web/CWebApplication.php(282): CController->run('')
#2 /opt/www/myblog/framework/web/CWebApplication.php(141): CWebApplication->runController('gii')
#3 /opt/www/myblog/framework/base/CApplication.php(184): CWebApplication->processRequest()
#4 /opt/www/myblog/app/index.php(13): CApplication->run()
#5 {main}
REQUEST_URI=/index.php/gii
---
